0 info it worked if it ends with ok
1 verbose cli [ '/nix/store/lkd01snpr6w6dkfa037c4f6287lw6ykf-nodejs-6.9.5/bin/node',
1 verbose cli   '/run/current-system/sw/bin/npm',
1 verbose cli   'run',
1 verbose cli   'reinstall' ]
2 info using npm@3.10.10
3 info using node@v6.9.5
4 verbose run-script [ 'prereinstall', 'reinstall', 'postreinstall' ]
5 info lifecycle elm-webpack-starter@0.8.6~prereinstall: elm-webpack-starter@0.8.6
6 silly lifecycle elm-webpack-starter@0.8.6~prereinstall: no script for prereinstall, continuing
7 info lifecycle elm-webpack-starter@0.8.6~reinstall: elm-webpack-starter@0.8.6
8 verbose lifecycle elm-webpack-starter@0.8.6~reinstall: unsafe-perm in lifecycle true
9 verbose lifecycle elm-webpack-starter@0.8.6~reinstall: PATH: /nix/store/lkd01snpr6w6dkfa037c4f6287lw6ykf-nodejs-6.9.5/lib/node_modules/npm/bin/node-gyp-bin:/home/endertux/code/elm-rent-tracker/node_modules/.bin:/nix/store/lkd01snpr6w6dkfa037c4f6287lw6ykf-nodejs-6.9.5/bin:/home/endertux/bin:/run/wrappers/bin:/run/wrappers/bin:/home/endertux/.nix-profile/bin:/home/endertux/.nix-profile/sbin:/home/endertux/.nix-profile/lib/kde4/libexec:/nix/var/nix/profiles/default/bin:/nix/var/nix/profiles/default/sbin:/nix/var/nix/profiles/default/lib/kde4/libexec:/run/current-system/sw/bin:/run/current-system/sw/sbin:/run/current-system/sw/lib/kde4/libexec
10 verbose lifecycle elm-webpack-starter@0.8.6~reinstall: CWD: /home/endertux/code/elm-rent-tracker
11 silly lifecycle elm-webpack-starter@0.8.6~reinstall: Args: [ '-c',
11 silly lifecycle   'npm i rimraf && rimraf node_modules && npm uninstall -g elm && npm i -g elm && npm i && elm package install' ]
12 silly lifecycle elm-webpack-starter@0.8.6~reinstall: Returned: code: 226  signal: null
13 info lifecycle elm-webpack-starter@0.8.6~reinstall: Failed to exec reinstall script
14 verbose stack Error: elm-webpack-starter@0.8.6 reinstall: `npm i rimraf && rimraf node_modules && npm uninstall -g elm && npm i -g elm && npm i && elm package install`
14 verbose stack Exit status 226
14 verbose stack     at EventEmitter.<anonymous> (/nix/store/lkd01snpr6w6dkfa037c4f6287lw6ykf-nodejs-6.9.5/lib/node_modules/npm/lib/utils/lifecycle.js:255:16)
14 verbose stack     at emitTwo (events.js:106:13)
14 verbose stack     at EventEmitter.emit (events.js:191:7)
14 verbose stack     at ChildProcess.<anonymous> (/nix/store/lkd01snpr6w6dkfa037c4f6287lw6ykf-nodejs-6.9.5/lib/node_modules/npm/lib/utils/spawn.js:40:14)
14 verbose stack     at emitTwo (events.js:106:13)
14 verbose stack     at ChildProcess.emit (events.js:191:7)
14 verbose stack     at maybeClose (internal/child_process.js:877:16)
14 verbose stack     at Process.ChildProcess._handle.onexit (internal/child_process.js:226:5)
15 verbose pkgid elm-webpack-starter@0.8.6
16 verbose cwd /home/endertux/code/elm-rent-tracker
17 error Linux 4.9.38
18 error argv "/nix/store/lkd01snpr6w6dkfa037c4f6287lw6ykf-nodejs-6.9.5/bin/node" "/run/current-system/sw/bin/npm" "run" "reinstall"
19 error node v6.9.5
20 error npm  v3.10.10
21 error code ELIFECYCLE
22 error elm-webpack-starter@0.8.6 reinstall: `npm i rimraf && rimraf node_modules && npm uninstall -g elm && npm i -g elm && npm i && elm package install`
22 error Exit status 226
23 error Failed at the elm-webpack-starter@0.8.6 reinstall script 'npm i rimraf && rimraf node_modules && npm uninstall -g elm && npm i -g elm && npm i && elm package install'.
23 error Make sure you have the latest version of node.js and npm installed.
23 error If you do, this is most likely a problem with the elm-webpack-starter package,
23 error not with npm itself.
23 error Tell the author that this fails on your system:
23 error     npm i rimraf && rimraf node_modules && npm uninstall -g elm && npm i -g elm && npm i && elm package install
23 error You can get information on how to open an issue for this project with:
23 error     npm bugs elm-webpack-starter
23 error Or if that isn't available, you can get their info via:
23 error     npm owner ls elm-webpack-starter
23 error There is likely additional logging output above.
24 verbose exit [ 1, true ]
